DEBUG 2022-06-22 20:15:45.461 UTC: 	 CRAB Client version: v3.220323
DEBUG 2022-06-22 20:15:45.462 UTC: 	 Running on: Linux cmslpc124.fnal.gov 3.10.0-1160.66.1.el7.x86_64 #1 SMP Thu May 19 10:06:34 CDT 2022 x86_64 x86_64 x86_64 GNU/Linux - Scientific Linux 7.9 (Nitrogen)
DEBUG 2022-06-22 20:15:45.462 UTC: 	 Executing command: 'status'
DEBUG 2022-06-22 20:15:45.462 UTC: 	 Found CRAB cache file /uscms/home/srothman/.crab3
ERROR 2022-06-22 20:15:45.472 UTC: 	 Cannot find .requestcache file in CRAB project directory /uscms_data/d3/srothman/CMSSW_10_6_26_prod/src/SRothman/EECs/production/crab/pfnano_v2_simon/crab_pfnano_v2_simon_2017_DYJetsToLL_M-50
ERROR 2022-06-22 20:15:45.472 UTC: 	 Caught ClientException exception
Traceback (most recent call last):
  File "/cvmfs/cms.cern.ch/share/cms/crab-prod/v3.220323.01/bin/crab.py", line 159, in <module>
    client()
  File "/cvmfs/cms.cern.ch/share/cms/crab-prod/v3.220323.01/bin/crab.py", line 144, in __call__
    self.cmd = sub_cmd(self.logger, args[1:])
  File "/cvmfs/cms.cern.ch/share/cms/crab-prod/v3.220323.01/lib/CRABClient/Commands/status.py", line 48, in __init__
    SubCommand.__init__(self, logger, cmdargs)
  File "/cvmfs/cms.cern.ch/share/cms/crab-prod/v3.220323.01/lib/CRABClient/Commands/SubCommand.py", line 275, in __init__
    SubCommand.validateOptions(self)
  File "/cvmfs/cms.cern.ch/share/cms/crab-prod/v3.220323.01/lib/CRABClient/Commands/SubCommand.py", line 646, in validateOptions
    self.loadLocalCache()
  File "/cvmfs/cms.cern.ch/share/cms/crab-prod/v3.220323.01/lib/CRABClient/Commands/SubCommand.py", line 508, in loadLocalCache
    raise ex
CachefileNotFoundException: Cannot find .requestcache file in CRAB project directory /uscms_data/d3/srothman/CMSSW_10_6_26_prod/src/SRothman/EECs/production/crab/pfnano_v2_simon/crab_pfnano_v2_simon_2017_DYJetsToLL_M-50
INFO 2022-06-22 20:15:45.474 UTC: 	 Log file is /uscms_data/d3/srothman/CMSSW_10_6_26_prod/src/SRothman/EECs/production/crab.log
DEBUG 2022-06-22 20:16:05.098 UTC: 	 CRAB Client version: v3.220323
DEBUG 2022-06-22 20:16:05.098 UTC: 	 Running on: Linux cmslpc124.fnal.gov 3.10.0-1160.66.1.el7.x86_64 #1 SMP Thu May 19 10:06:34 CDT 2022 x86_64 x86_64 x86_64 GNU/Linux - Scientific Linux 7.9 (Nitrogen)
DEBUG 2022-06-22 20:16:05.098 UTC: 	 Executing command: 'status'
DEBUG 2022-06-22 20:16:05.098 UTC: 	 Found CRAB cache file /uscms/home/srothman/.crab3
ERROR 2022-06-22 20:16:05.099 UTC: 	 Cannot find .requestcache file in CRAB project directory /uscms_data/d3/srothman/CMSSW_10_6_26_prod/src/SRothman/EECs/production/crab/pfnano_v2_simon/crab_pfnano_v2_simon_2017_DYJetsToLL_M-50
ERROR 2022-06-22 20:16:05.099 UTC: 	 Caught ClientException exception
Traceback (most recent call last):
  File "/cvmfs/cms.cern.ch/share/cms/crab-prod/v3.220323.01/bin/crab.py", line 159, in <module>
    client()
  File "/cvmfs/cms.cern.ch/share/cms/crab-prod/v3.220323.01/bin/crab.py", line 144, in __call__
    self.cmd = sub_cmd(self.logger, args[1:])
  File "/cvmfs/cms.cern.ch/share/cms/crab-prod/v3.220323.01/lib/CRABClient/Commands/status.py", line 48, in __init__
    SubCommand.__init__(self, logger, cmdargs)
  File "/cvmfs/cms.cern.ch/share/cms/crab-prod/v3.220323.01/lib/CRABClient/Commands/SubCommand.py", line 275, in __init__
    SubCommand.validateOptions(self)
  File "/cvmfs/cms.cern.ch/share/cms/crab-prod/v3.220323.01/lib/CRABClient/Commands/SubCommand.py", line 646, in validateOptions
    self.loadLocalCache()
  File "/cvmfs/cms.cern.ch/share/cms/crab-prod/v3.220323.01/lib/CRABClient/Commands/SubCommand.py", line 508, in loadLocalCache
    raise ex
CachefileNotFoundException: Cannot find .requestcache file in CRAB project directory /uscms_data/d3/srothman/CMSSW_10_6_26_prod/src/SRothman/EECs/production/crab/pfnano_v2_simon/crab_pfnano_v2_simon_2017_DYJetsToLL_M-50
INFO 2022-06-22 20:16:05.101 UTC: 	 Log file is /uscms_data/d3/srothman/CMSSW_10_6_26_prod/src/SRothman/EECs/production/crab.log
DEBUG 2022-06-22 20:17:56.563 UTC: 	 CRAB Client version: v3.220323
DEBUG 2022-06-22 20:17:56.563 UTC: 	 Running on: Linux cmslpc124.fnal.gov 3.10.0-1160.66.1.el7.x86_64 #1 SMP Thu May 19 10:06:34 CDT 2022 x86_64 x86_64 x86_64 GNU/Linux - Scientific Linux 7.9 (Nitrogen)
DEBUG 2022-06-22 20:17:56.563 UTC: 	 Executing command: 'checkusername'
DEBUG 2022-06-22 20:17:56.563 UTC: 	 Found CRAB cache file /uscms/home/srothman/.crab3
DEBUG 2022-06-22 20:17:56.565 UTC: 	 Checking credentials
DEBUG 2022-06-22 20:17:56.565 UTC: 	 Found proxy file /uscms/home/srothman/x509up_u58327
DEBUG 2022-06-22 20:17:56.565 UTC: 	 Making sure it has proper VOMS extension
DEBUG 2022-06-22 20:17:56.565 UTC: 	 Executing command :
 voms-proxy-info --vo --file /uscms/home/srothman/x509up_u58327
DEBUG 2022-06-22 20:17:56.586 UTC: 	 output : cms

 error: 
 retcode : 0
DEBUG 2022-06-22 20:17:56.586 UTC: 	 Getting proxy life time left
DEBUG 2022-06-22 20:17:56.586 UTC: 	 Executing command :
 voms-proxy-info --actimeleft --timeleft --file /uscms/home/srothman/x509up_u58327
DEBUG 2022-06-22 20:17:56.606 UTC: 	 output : 691039
691039

 error: 
 retcode : 0
DEBUG 2022-06-22 20:17:56.606 UTC: 	 Proxy valid for 191:57:19 hours
DEBUG 2022-06-22 20:17:56.606 UTC: 	 Command use: checkusername
DEBUG 2022-06-22 20:17:56.606 UTC: 	 Options use: []
DEBUG 2022-06-22 20:17:56.606 UTC: 	 Instance is None
DEBUG 2022-06-22 20:17:56.606 UTC: 	 Server base url is None
DEBUG 2022-06-22 20:17:56.606 UTC: 	 Retrieving username ...
DEBUG 2022-06-22 20:17:56.606 UTC: 	 Retrieving username from CRIC...
DEBUG 2022-06-22 20:17:57.880 UTC: 	 username is srothman
INFO 2022-06-22 20:17:57.880 UTC: 	 Username is: srothman
DEBUG 2022-06-22 20:18:29.603 UTC: 	 CRAB Client version: v3.220323
DEBUG 2022-06-22 20:18:29.603 UTC: 	 Running on: Linux cmslpc124.fnal.gov 3.10.0-1160.66.1.el7.x86_64 #1 SMP Thu May 19 10:06:34 CDT 2022 x86_64 x86_64 x86_64 GNU/Linux - Scientific Linux 7.9 (Nitrogen)
DEBUG 2022-06-22 20:18:29.603 UTC: 	 Executing command: 'submit'
DEBUG 2022-06-22 20:18:29.604 UTC: 	 Found CRAB cache file /uscms/home/srothman/.crab3
DEBUG 2022-06-22 20:18:29.605 UTC: 	 Will use CRAB Analysis plugin (i.e. will run an analysis job type).
DEBUG 2022-06-22 20:23:23.380 UTC: 	 CRAB Client version: v3.220323
DEBUG 2022-06-22 20:23:23.381 UTC: 	 Running on: Linux cmslpc124.fnal.gov 3.10.0-1160.66.1.el7.x86_64 #1 SMP Thu May 19 10:06:34 CDT 2022 x86_64 x86_64 x86_64 GNU/Linux - Scientific Linux 7.9 (Nitrogen)
DEBUG 2022-06-22 20:23:23.381 UTC: 	 Executing command: 'checkwrite'
DEBUG 2022-06-22 20:23:23.381 UTC: 	 Found CRAB cache file /uscms/home/srothman/.crab3
DEBUG 2022-06-22 20:23:23.382 UTC: 	 Checking credentials
DEBUG 2022-06-22 20:23:23.382 UTC: 	 Found proxy file /uscms/home/srothman/x509up_u58327
DEBUG 2022-06-22 20:23:23.382 UTC: 	 Making sure it has proper VOMS extension
DEBUG 2022-06-22 20:23:23.382 UTC: 	 Executing command :
 voms-proxy-info --vo --file /uscms/home/srothman/x509up_u58327
DEBUG 2022-06-22 20:23:23.404 UTC: 	 output : cms

 error: 
 retcode : 0
DEBUG 2022-06-22 20:23:23.404 UTC: 	 Getting proxy life time left
DEBUG 2022-06-22 20:23:23.404 UTC: 	 Executing command :
 voms-proxy-info --actimeleft --timeleft --file /uscms/home/srothman/x509up_u58327
DEBUG 2022-06-22 20:23:23.425 UTC: 	 output : 690904
690904

 error: 
 retcode : 0
DEBUG 2022-06-22 20:23:23.425 UTC: 	 Proxy valid for 191:55:04 hours
DEBUG 2022-06-22 20:23:23.425 UTC: 	 Command use: checkwrite
DEBUG 2022-06-22 20:23:23.425 UTC: 	 Options use: ['--site', 'T3_US_FNAL']
DEBUG 2022-06-22 20:23:23.425 UTC: 	 Instance is None
DEBUG 2022-06-22 20:23:23.425 UTC: 	 Server base url is None
DEBUG 2022-06-22 20:23:23.425 UTC: 	 Retrieving username ...
DEBUG 2022-06-22 20:23:23.425 UTC: 	 Retrieving username from CRIC...
DEBUG 2022-06-22 20:23:25.052 UTC: 	 username is srothman
INFO 2022-06-22 20:23:25.052 UTC: 	 Will check write permission in the default location /store/user/<username>
INFO 2022-06-22 20:23:25.052 UTC: 	 Validating LFN /store/user/srothman...
INFO 2022-06-22 20:23:25.052 UTC: 	 LFN /store/user/srothman is valid.
INFO 2022-06-22 20:23:25.073 UTC: 	 Will use `gfal-copy`, `gfal-rm` commands for checking write permissions
INFO 2022-06-22 20:23:25.073 UTC: 	 Will check write permission in /store/user/srothman on site T3_US_FNAL
INFO 2022-06-22 20:23:27.495 UTC: 	 PFN lookup failed
INFO 2022-06-22 20:23:27.495 UTC: 	   Stdout:
    Failed to resolve LNF to PFN via Rucio. Error is:
     RSE does not exist.
    Details: RSE 'T3_US_FNAL' cannot be found in vo 'def'
    Failed to resolve LNF to PFN via Rucio. Error is:
     RSE does not exist.
    Details: RSE 'T3_US_FNAL' cannot be found in vo 'def'
    Failed to resolve LNF to PFN via Rucio. Error is:
     RSE does not exist.
    Details: RSE 'T3_US_FNAL' cannot be found in vo 'def'
    
INFO 2022-06-22 20:23:27.495 UTC: 	   Stderr:
    Traceback (most recent call last):
      File "/tmp/crab_lfn2pfn-5jVRFw.py", line 13, in <module>
        if not out:
    NameError: name 'out' is not defined
    
DEBUG 2022-06-22 20:23:58.884 UTC: 	 CRAB Client version: v3.220323
DEBUG 2022-06-22 20:23:58.884 UTC: 	 Running on: Linux cmslpc124.fnal.gov 3.10.0-1160.66.1.el7.x86_64 #1 SMP Thu May 19 10:06:34 CDT 2022 x86_64 x86_64 x86_64 GNU/Linux - Scientific Linux 7.9 (Nitrogen)
DEBUG 2022-06-22 20:23:58.884 UTC: 	 Executing command: 'checkwrite'
DEBUG 2022-06-22 20:23:58.885 UTC: 	 Found CRAB cache file /uscms/home/srothman/.crab3
DEBUG 2022-06-22 20:23:58.886 UTC: 	 Checking credentials
DEBUG 2022-06-22 20:23:58.886 UTC: 	 Found proxy file /uscms/home/srothman/x509up_u58327
DEBUG 2022-06-22 20:23:58.886 UTC: 	 Making sure it has proper VOMS extension
DEBUG 2022-06-22 20:23:58.886 UTC: 	 Executing command :
 voms-proxy-info --vo --file /uscms/home/srothman/x509up_u58327
DEBUG 2022-06-22 20:23:58.910 UTC: 	 output : cms

 error: 
 retcode : 0
DEBUG 2022-06-22 20:23:58.910 UTC: 	 Getting proxy life time left
DEBUG 2022-06-22 20:23:58.910 UTC: 	 Executing command :
 voms-proxy-info --actimeleft --timeleft --file /uscms/home/srothman/x509up_u58327
DEBUG 2022-06-22 20:23:58.933 UTC: 	 output : 690869
690869

 error: 
 retcode : 0
DEBUG 2022-06-22 20:23:58.933 UTC: 	 Proxy valid for 191:54:29 hours
DEBUG 2022-06-22 20:23:58.933 UTC: 	 Command use: checkwrite
DEBUG 2022-06-22 20:23:58.933 UTC: 	 Options use: ['--site', 'T3_US_FNALLPC']
DEBUG 2022-06-22 20:23:58.933 UTC: 	 Instance is None
DEBUG 2022-06-22 20:23:58.933 UTC: 	 Server base url is None
DEBUG 2022-06-22 20:23:58.933 UTC: 	 Retrieving username ...
DEBUG 2022-06-22 20:23:58.933 UTC: 	 Retrieving username from CRIC...
DEBUG 2022-06-22 20:24:00.347 UTC: 	 username is srothman
INFO 2022-06-22 20:24:00.348 UTC: 	 Will check write permission in the default location /store/user/<username>
INFO 2022-06-22 20:24:00.348 UTC: 	 Validating LFN /store/user/srothman...
INFO 2022-06-22 20:24:00.348 UTC: 	 LFN /store/user/srothman is valid.
INFO 2022-06-22 20:24:00.357 UTC: 	 Will use `gfal-copy`, `gfal-rm` commands for checking write permissions
INFO 2022-06-22 20:24:00.357 UTC: 	 Will check write permission in /store/user/srothman on site T3_US_FNALLPC
INFO 2022-06-22 20:24:01.386 UTC: 	 Will use PFN: davs://cmseos.fnal.gov:9000/eos/uscms/store/user/srothman/crab3checkwrite_20220622_152400/crab3checkwrite_20220622_152400.tmp
INFO 2022-06-22 20:24:01.386 UTC: 	 
Attempting to create (dummy) directory crab3checkwrite_20220622_152400 and copy (dummy) file crab3checkwrite_20220622_152400.tmp to /store/user/srothman

INFO 2022-06-22 20:24:01.389 UTC: 	 Executing command: which scram >/dev/null 2>&1 && eval `scram unsetenv -sh`; gfal-copy -p -v -t 180 file:///uscms_data/d3/srothman/CMSSW_10_6_26_prod/src/SRothman/EECs/production/crab3checkwrite_20220622_152400.tmp 'davs://cmseos.fnal.gov:9000/eos/uscms/store/user/srothman/crab3checkwrite_20220622_152400/crab3checkwrite_20220622_152400.tmp'
INFO 2022-06-22 20:24:01.389 UTC: 	 Please wait...
INFO 2022-06-22 20:24:02.110 UTC: 	 
Successfully created directory crab3checkwrite_20220622_152400 and copied file crab3checkwrite_20220622_152400.tmp to /store/user/srothman
INFO 2022-06-22 20:24:02.110 UTC: 	 
Attempting to delete file davs://cmseos.fnal.gov:9000/eos/uscms/store/user/srothman/crab3checkwrite_20220622_152400/crab3checkwrite_20220622_152400.tmp

INFO 2022-06-22 20:24:02.110 UTC: 	 Executing command: which scram >/dev/null 2>&1 && eval `scram unsetenv -sh`; gfal-rm -v -t 180 'davs://cmseos.fnal.gov:9000/eos/uscms/store/user/srothman/crab3checkwrite_20220622_152400/crab3checkwrite_20220622_152400.tmp'
INFO 2022-06-22 20:24:02.110 UTC: 	 Please wait...
INFO 2022-06-22 20:24:02.379 UTC: 	 
Successfully deleted file davs://cmseos.fnal.gov:9000/eos/uscms/store/user/srothman/crab3checkwrite_20220622_152400/crab3checkwrite_20220622_152400.tmp
INFO 2022-06-22 20:24:02.380 UTC: 	 
Attempting to delete directory davs://cmseos.fnal.gov:9000/eos/uscms/store/user/srothman/crab3checkwrite_20220622_152400/

INFO 2022-06-22 20:24:02.380 UTC: 	 Executing command: which scram >/dev/null 2>&1 && eval `scram unsetenv -sh`; gfal-rm -r -v -t 180 'davs://cmseos.fnal.gov:9000/eos/uscms/store/user/srothman/crab3checkwrite_20220622_152400/'
INFO 2022-06-22 20:24:02.380 UTC: 	 Please wait...
INFO 2022-06-22 20:24:02.651 UTC: 	 
Successfully deleted directory davs://cmseos.fnal.gov:9000/eos/uscms/store/user/srothman/crab3checkwrite_20220622_152400/
INFO 2022-06-22 20:24:02.847 UTC: 	 
Checkwrite Result:
INFO 2022-06-22 20:24:02.847 UTC: 	 Success: Able to write in /store/user/srothman on site T3_US_FNALLPC
DEBUG 2022-06-22 20:28:18.791 UTC: 	 CRAB Client version: v3.220323
DEBUG 2022-06-22 20:28:18.792 UTC: 	 Running on: Linux cmslpc124.fnal.gov 3.10.0-1160.66.1.el7.x86_64 #1 SMP Thu May 19 10:06:34 CDT 2022 x86_64 x86_64 x86_64 GNU/Linux - Scientific Linux 7.9 (Nitrogen)
DEBUG 2022-06-22 20:28:18.792 UTC: 	 Executing command: 'submit'
DEBUG 2022-06-22 20:28:18.792 UTC: 	 Found CRAB cache file /uscms/home/srothman/.crab3
DEBUG 2022-06-22 20:28:18.793 UTC: 	 Will use CRAB Analysis plugin (i.e. will run an analysis job type).
DEBUG 2022-06-22 20:31:20.074 UTC: 	 CRAB Client version: v3.220323
DEBUG 2022-06-22 20:31:20.075 UTC: 	 Running on: Linux cmslpc130.fnal.gov 3.10.0-1160.66.1.el7.x86_64 #1 SMP Thu May 19 10:06:34 CDT 2022 x86_64 x86_64 x86_64 GNU/Linux - Scientific Linux 7.9 (Nitrogen)
DEBUG 2022-06-22 20:31:20.075 UTC: 	 Executing command: 'checkusername'
DEBUG 2022-06-22 20:31:20.075 UTC: 	 Found CRAB cache file /uscms/home/srothman/.crab3
DEBUG 2022-06-22 20:31:20.077 UTC: 	 Checking credentials
DEBUG 2022-06-22 20:31:20.077 UTC: 	 Found proxy file /uscms/home/srothman/x509up_u58327
DEBUG 2022-06-22 20:31:20.077 UTC: 	 Making sure it has proper VOMS extension
DEBUG 2022-06-22 20:31:20.077 UTC: 	 Executing command :
 voms-proxy-info --vo --file /uscms/home/srothman/x509up_u58327
DEBUG 2022-06-22 20:31:20.115 UTC: 	 output : cms

 error: 
 retcode : 0
DEBUG 2022-06-22 20:31:20.115 UTC: 	 Getting proxy life time left
DEBUG 2022-06-22 20:31:20.115 UTC: 	 Executing command :
 voms-proxy-info --actimeleft --timeleft --file /uscms/home/srothman/x509up_u58327
DEBUG 2022-06-22 20:31:20.151 UTC: 	 output : 690998
690998

 error: 
 retcode : 0
DEBUG 2022-06-22 20:31:20.151 UTC: 	 Proxy valid for 191:56:38 hours
DEBUG 2022-06-22 20:31:20.151 UTC: 	 Command use: checkusername
DEBUG 2022-06-22 20:31:20.152 UTC: 	 Options use: []
DEBUG 2022-06-22 20:31:20.152 UTC: 	 Instance is None
DEBUG 2022-06-22 20:31:20.152 UTC: 	 Server base url is None
DEBUG 2022-06-22 20:31:20.152 UTC: 	 Retrieving username ...
DEBUG 2022-06-22 20:31:20.152 UTC: 	 Retrieving username from CRIC...
DEBUG 2022-06-22 20:31:21.972 UTC: 	 username is srothman
INFO 2022-06-22 20:31:21.973 UTC: 	 Username is: srothman
DEBUG 2022-06-22 20:55:00.625 UTC: 	 CRAB Client version: v3.220323
DEBUG 2022-06-22 20:55:00.625 UTC: 	 Running on: Linux cmslpc124.fnal.gov 3.10.0-1160.66.1.el7.x86_64 #1 SMP Thu May 19 10:06:34 CDT 2022 x86_64 x86_64 x86_64 GNU/Linux - Scientific Linux 7.9 (Nitrogen)
DEBUG 2022-06-22 20:55:00.625 UTC: 	 Executing command: 'checkusername'
DEBUG 2022-06-22 20:55:00.626 UTC: 	 Found CRAB cache file /uscms/home/srothman/.crab3
DEBUG 2022-06-22 20:55:00.636 UTC: 	 Checking credentials
DEBUG 2022-06-22 20:55:00.637 UTC: 	 Found proxy file /uscms/home/srothman/x509up_u58327
DEBUG 2022-06-22 20:55:00.637 UTC: 	 Making sure it has proper VOMS extension
DEBUG 2022-06-22 20:55:00.637 UTC: 	 Executing command :
 voms-proxy-info --vo --file /uscms/home/srothman/x509up_u58327
DEBUG 2022-06-22 20:55:00.672 UTC: 	 output : cms

 error: 
 retcode : 0
DEBUG 2022-06-22 20:55:00.672 UTC: 	 Getting proxy life time left
DEBUG 2022-06-22 20:55:00.672 UTC: 	 Executing command :
 voms-proxy-info --actimeleft --timeleft --file /uscms/home/srothman/x509up_u58327
DEBUG 2022-06-22 20:55:00.693 UTC: 	 output : 689970
689970

 error: 
 retcode : 0
DEBUG 2022-06-22 20:55:00.693 UTC: 	 Proxy valid for 191:39:30 hours
DEBUG 2022-06-22 20:55:00.693 UTC: 	 Command use: checkusername
DEBUG 2022-06-22 20:55:00.693 UTC: 	 Options use: []
DEBUG 2022-06-22 20:55:00.693 UTC: 	 Instance is None
DEBUG 2022-06-22 20:55:00.693 UTC: 	 Server base url is None
DEBUG 2022-06-22 20:55:00.693 UTC: 	 Retrieving username ...
DEBUG 2022-06-22 20:55:00.693 UTC: 	 Retrieving username from CRIC...
DEBUG 2022-06-22 20:55:02.436 UTC: 	 username is srothman
INFO 2022-06-22 20:55:02.437 UTC: 	 Username is: srothman
DEBUG 2022-06-23 07:23:56.380 UTC: 	 CRAB Client version: v3.220323
DEBUG 2022-06-23 07:23:56.380 UTC: 	 Running on: Linux cmslpc110.fnal.gov 3.10.0-1160.66.1.el7.x86_64 #1 SMP Thu May 19 10:06:34 CDT 2022 x86_64 x86_64 x86_64 GNU/Linux - Scientific Linux 7.9 (Nitrogen)
DEBUG 2022-06-23 07:23:56.381 UTC: 	 Executing command: 'submit'
DEBUG 2022-06-23 07:23:56.381 UTC: 	 Found CRAB cache file /uscms/home/srothman/.crab3
DEBUG 2022-06-23 07:23:56.383 UTC: 	 Will use CRAB Analysis plugin (i.e. will run an analysis job type).
DEBUG 2022-06-23 07:26:16.247 UTC: 	 CRAB Client version: v3.220323
DEBUG 2022-06-23 07:26:16.247 UTC: 	 Running on: Linux cmslpc110.fnal.gov 3.10.0-1160.66.1.el7.x86_64 #1 SMP Thu May 19 10:06:34 CDT 2022 x86_64 x86_64 x86_64 GNU/Linux - Scientific Linux 7.9 (Nitrogen)
DEBUG 2022-06-23 07:26:16.247 UTC: 	 Executing command: 'submit'
DEBUG 2022-06-23 07:26:16.248 UTC: 	 Found CRAB cache file /uscms/home/srothman/.crab3
DEBUG 2022-06-23 07:26:16.249 UTC: 	 Will use CRAB Analysis plugin (i.e. will run an analysis job type).
DEBUG 2022-06-23 07:27:00.871 UTC: 	 CRAB Client version: v3.220323
DEBUG 2022-06-23 07:27:00.871 UTC: 	 Running on: Linux cmslpc110.fnal.gov 3.10.0-1160.66.1.el7.x86_64 #1 SMP Thu May 19 10:06:34 CDT 2022 x86_64 x86_64 x86_64 GNU/Linux - Scientific Linux 7.9 (Nitrogen)
DEBUG 2022-06-23 07:27:00.871 UTC: 	 Executing command: 'status'
DEBUG 2022-06-23 07:27:00.872 UTC: 	 Found CRAB cache file /uscms/home/srothman/.crab3
ERROR 2022-06-23 07:27:00.874 UTC: 	 Error: crab/pfnano_v2_simon/crab_pfnano_v2_simon_2017_DYJetsToLL_M-50/ is not a valid CRAB project directory.
ERROR 2022-06-23 07:27:00.874 UTC: 	 Caught ClientException exception
Traceback (most recent call last):
  File "/cvmfs/cms.cern.ch/share/cms/crab-prod/v3.220323.01/bin/crab.py", line 159, in <module>
    client()
  File "/cvmfs/cms.cern.ch/share/cms/crab-prod/v3.220323.01/bin/crab.py", line 144, in __call__
    self.cmd = sub_cmd(self.logger, args[1:])
  File "/cvmfs/cms.cern.ch/share/cms/crab-prod/v3.220323.01/lib/CRABClient/Commands/status.py", line 48, in __init__
    SubCommand.__init__(self, logger, cmdargs)
  File "/cvmfs/cms.cern.ch/share/cms/crab-prod/v3.220323.01/lib/CRABClient/Commands/SubCommand.py", line 275, in __init__
    SubCommand.validateOptions(self)
  File "/cvmfs/cms.cern.ch/share/cms/crab-prod/v3.220323.01/lib/CRABClient/Commands/SubCommand.py", line 642, in validateOptions
    raise ConfigurationException(msg)
ConfigurationException: Error: crab/pfnano_v2_simon/crab_pfnano_v2_simon_2017_DYJetsToLL_M-50/ is not a valid CRAB project directory.
INFO 2022-06-23 07:27:00.875 UTC: 	 Log file is /uscms_data/d3/srothman/CMSSW_10_6_26_prod/src/SRothman/EECs/production/crab.log
DEBUG 2022-06-23 21:58:43.678 UTC: 	 CRAB Client version: v3.220323
DEBUG 2022-06-23 21:58:43.679 UTC: 	 Running on: Linux cmslpc169.fnal.gov 3.10.0-1160.66.1.el7.x86_64 #1 SMP Thu May 19 10:06:34 CDT 2022 x86_64 x86_64 x86_64 GNU/Linux - Scientific Linux 7.9 (Nitrogen)
DEBUG 2022-06-23 21:58:43.679 UTC: 	 Executing command: 'submit'
DEBUG 2022-06-23 21:58:43.679 UTC: 	 Found CRAB cache file /uscms/home/srothman/.crab3
DEBUG 2022-06-23 21:58:43.681 UTC: 	 Will use CRAB Analysis plugin (i.e. will run an analysis job type).
DEBUG 2022-06-24 07:29:53.768 UTC: 	 CRAB Client version: v3.220323
DEBUG 2022-06-24 07:29:53.769 UTC: 	 Running on: Linux cmslpc111.fnal.gov 3.10.0-1160.66.1.el7.x86_64 #1 SMP Thu May 19 10:06:34 CDT 2022 x86_64 x86_64 x86_64 GNU/Linux - Scientific Linux 7.9 (Nitrogen)
DEBUG 2022-06-24 07:29:53.769 UTC: 	 Executing command: 'kill'
DEBUG 2022-06-24 07:29:53.769 UTC: 	 Found CRAB cache file /uscms/home/srothman/.crab3
DEBUG 2022-06-24 07:35:30.901 UTC: 	 CRAB Client version: v3.220323
DEBUG 2022-06-24 07:35:30.901 UTC: 	 Running on: Linux cmslpc111.fnal.gov 3.10.0-1160.66.1.el7.x86_64 #1 SMP Thu May 19 10:06:34 CDT 2022 x86_64 x86_64 x86_64 GNU/Linux - Scientific Linux 7.9 (Nitrogen)
DEBUG 2022-06-24 07:35:30.901 UTC: 	 Executing command: 'kill'
DEBUG 2022-06-24 07:35:30.902 UTC: 	 Found CRAB cache file /uscms/home/srothman/.crab3
ERROR 2022-06-24 07:35:30.903 UTC: 	 Cannot find .requestcache file in CRAB project directory /uscms_data/d3/srothman/CMSSW_10_6_26_prod/src/SRothman/EECs/production/crab/pfnano_v2_simon/crab_pfnano_v2_simon_2017_DoubleMuon_Run2017C_take2
ERROR 2022-06-24 07:35:30.904 UTC: 	 Caught ClientException exception
Traceback (most recent call last):
  File "/cvmfs/cms.cern.ch/share/cms/crab-prod/v3.220323.01/bin/crab.py", line 159, in <module>
    client()
  File "/cvmfs/cms.cern.ch/share/cms/crab-prod/v3.220323.01/bin/crab.py", line 144, in __call__
    self.cmd = sub_cmd(self.logger, args[1:])
  File "/cvmfs/cms.cern.ch/share/cms/crab-prod/v3.220323.01/lib/CRABClient/Commands/SubCommand.py", line 275, in __init__
    SubCommand.validateOptions(self)
  File "/cvmfs/cms.cern.ch/share/cms/crab-prod/v3.220323.01/lib/CRABClient/Commands/SubCommand.py", line 646, in validateOptions
    self.loadLocalCache()
  File "/cvmfs/cms.cern.ch/share/cms/crab-prod/v3.220323.01/lib/CRABClient/Commands/SubCommand.py", line 508, in loadLocalCache
    raise ex
CachefileNotFoundException: Cannot find .requestcache file in CRAB project directory /uscms_data/d3/srothman/CMSSW_10_6_26_prod/src/SRothman/EECs/production/crab/pfnano_v2_simon/crab_pfnano_v2_simon_2017_DoubleMuon_Run2017C_take2
INFO 2022-06-24 07:35:30.905 UTC: 	 Log file is /uscms_data/d3/srothman/CMSSW_10_6_26_prod/src/SRothman/EECs/production/crab.log
DEBUG 2022-06-24 07:39:19.688 UTC: 	 CRAB Client version: v3.220323
DEBUG 2022-06-24 07:39:19.689 UTC: 	 Running on: Linux cmslpc111.fnal.gov 3.10.0-1160.66.1.el7.x86_64 #1 SMP Thu May 19 10:06:34 CDT 2022 x86_64 x86_64 x86_64 GNU/Linux - Scientific Linux 7.9 (Nitrogen)
DEBUG 2022-06-24 07:39:19.689 UTC: 	 Executing command: 'submit'
DEBUG 2022-06-24 07:39:19.689 UTC: 	 Found CRAB cache file /uscms/home/srothman/.crab3
DEBUG 2022-06-24 07:39:19.691 UTC: 	 Will use CRAB Analysis plugin (i.e. will run an analysis job type).
DEBUG 2022-06-24 07:40:25.581 UTC: 	 CRAB Client version: v3.220323
DEBUG 2022-06-24 07:40:25.582 UTC: 	 Running on: Linux cmslpc111.fnal.gov 3.10.0-1160.66.1.el7.x86_64 #1 SMP Thu May 19 10:06:34 CDT 2022 x86_64 x86_64 x86_64 GNU/Linux - Scientific Linux 7.9 (Nitrogen)
DEBUG 2022-06-24 07:40:25.582 UTC: 	 Executing command: 'status'
DEBUG 2022-06-24 07:40:25.582 UTC: 	 Found CRAB cache file /uscms/home/srothman/.crab3
ERROR 2022-06-24 07:40:25.584 UTC: 	 Cannot find .requestcache file in CRAB project directory /uscms_data/d3/srothman/CMSSW_10_6_26_prod/src/SRothman/EECs/production/crab/pfnano_v2_simon/crab_pfnano_v2_simon_2017_DoubleMuon_Run2017C_take2
ERROR 2022-06-24 07:40:25.584 UTC: 	 Caught ClientException exception
Traceback (most recent call last):
  File "/cvmfs/cms.cern.ch/share/cms/crab-prod/v3.220323.01/bin/crab.py", line 159, in <module>
    client()
  File "/cvmfs/cms.cern.ch/share/cms/crab-prod/v3.220323.01/bin/crab.py", line 144, in __call__
    self.cmd = sub_cmd(self.logger, args[1:])
  File "/cvmfs/cms.cern.ch/share/cms/crab-prod/v3.220323.01/lib/CRABClient/Commands/status.py", line 48, in __init__
    SubCommand.__init__(self, logger, cmdargs)
  File "/cvmfs/cms.cern.ch/share/cms/crab-prod/v3.220323.01/lib/CRABClient/Commands/SubCommand.py", line 275, in __init__
    SubCommand.validateOptions(self)
  File "/cvmfs/cms.cern.ch/share/cms/crab-prod/v3.220323.01/lib/CRABClient/Commands/SubCommand.py", line 646, in validateOptions
    self.loadLocalCache()
  File "/cvmfs/cms.cern.ch/share/cms/crab-prod/v3.220323.01/lib/CRABClient/Commands/SubCommand.py", line 508, in loadLocalCache
    raise ex
CachefileNotFoundException: Cannot find .requestcache file in CRAB project directory /uscms_data/d3/srothman/CMSSW_10_6_26_prod/src/SRothman/EECs/production/crab/pfnano_v2_simon/crab_pfnano_v2_simon_2017_DoubleMuon_Run2017C_take2
INFO 2022-06-24 07:40:25.586 UTC: 	 Log file is /uscms_data/d3/srothman/CMSSW_10_6_26_prod/src/SRothman/EECs/production/crab.log
